<?xml version="1.0" encoding="UTF-8"?>
<!-- Generated by org.testng.reporters.JUnitReportReporter -->
<testsuite hostname="LAPTOP-9BUKMQ5K" failures="0" tests="1" name="com.learning_TestNG.Learning_Soft_Assert" time="23.824" errors="0" timestamp="2024-01-28T00:13:21 IST" skipped="0">
  <testcase classname="com.learning_TestNG.Learning_Soft_Assert" name="loginTest" time="23.824"/>
  <system-out/>
</testsuite> <!-- com.learning_TestNG.Learning_Soft_Assert -->
