<?xml version="1.0" encoding="UTF-8"?>
<!-- Generated by org.testng.reporters.JUnitReportReporter -->
<testsuite hostname="LAPTOP-9BUKMQ5K" name="com.Practice.Base_Test_Practice" tests="1" failures="0" timestamp="27 Jan 2024 05:26:57 GMT" time="14.798" errors="0">
  <testcase name="openBrowser" time="14.798" classname="com.Practice.Base_Test_Practice"/>
</testsuite> <!-- com.Practice.Base_Test_Practice -->
