<?xml version="1.0" encoding="UTF-8"?>
<!-- Generated by org.testng.reporters.JUnitReportReporter -->
<testsuite hostname="LAPTOP-9BUKMQ5K" name="com.learning_TestNG.Learning_Configuration_Annotations" tests="3" failures="0" timestamp="20 Jan 2024 19:19:03 GMT" time="0.023" errors="0">
  <testcase name="registerTest" time="0.004" classname="com.learning_TestNG.Learning_Configuration_Annotations"/>
  <testcase name="searchTest" time="0.010" classname="com.learning_TestNG.Learning_Configuration_Annotations"/>
  <testcase name="loginTest" time="0.009" classname="com.learning_TestNG.Learning_Configuration_Annotations"/>
</testsuite> <!-- com.learning_TestNG.Learning_Configuration_Annotations -->
