<?xml version="1.0" encoding="UTF-8"?>
<!-- Generated by org.testng.reporters.JUnitReportReporter -->
<testsuite hostname="LAPTOP-9BUKMQ5K" failures="0" tests="4" name="com.learning_TestNG.Learning_Data_Provider" time="92.202" errors="0" timestamp="2024-01-28T01:26:25 IST" skipped="0">
  <testcase classname="com.learning_TestNG.Learning_Data_Provider" name="searchData" time="18.670"/>
  <system-out/>
  <testcase classname="com.learning_TestNG.Learning_Data_Provider" name="searchData" time="23.968"/>
  <system-out/>
  <testcase classname="com.learning_TestNG.Learning_Data_Provider" name="searchData" time="19.602"/>
  <system-out/>
  <testcase classname="com.learning_TestNG.Learning_Data_Provider" name="searchData" time="29.962"/>
  <system-out/>
</testsuite> <!-- com.learning_TestNG.Learning_Data_Provider -->
