<?xml version="1.0" encoding="UTF-8"?>
<!-- Generated by org.testng.reporters.JUnitReportReporter -->
<testsuite hostname="LAPTOP-9BUKMQ5K" failures="0" tests="2" name="com.learning_TestNG.Learning_Excel_File_2" time="139.118" errors="0" timestamp="2024-01-28T13:49:55 IST" skipped="0">
  <testcase classname="com.learning_TestNG.Learning_Excel_File_2" name="searchTest" time="49.496"/>
  <system-out/>
  <testcase classname="com.learning_TestNG.Learning_Excel_File_2" name="searchTest" time="89.622"/>
  <system-out/>
</testsuite> <!-- com.learning_TestNG.Learning_Excel_File_2 -->
