<?xml version="1.0" encoding="UTF-8"?>
<!-- Generated by org.testng.reporters.JUnitReportReporter -->
<testsuite hostname="LAPTOP-9BUKMQ5K" failures="0" tests="3" name="com.learning_TestNG.Learning_Priority_Attribute" time="0.070" errors="0" timestamp="2024-01-27T23:38:26 IST" skipped="0">
  <testcase classname="com.learning_TestNG.Learning_Priority_Attribute" name="searchTest" time="0.042"/>
  <system-out>
    <![CDATA[Executing Search Test Case....]]>
  </system-out>
  <testcase classname="com.learning_TestNG.Learning_Priority_Attribute" name="registerTest" time="0.013"/>
  <system-out>
    <![CDATA[Executing Register Test Case....]]>
  </system-out>
  <testcase classname="com.learning_TestNG.Learning_Priority_Attribute" name="loginTest" time="0.015"/>
  <system-out>
    <![CDATA[Executing Login Test Case....]]>
  </system-out>
</testsuite> <!-- com.learning_TestNG.Learning_Priority_Attribute -->
