<?xml version="1.0" encoding="UTF-8"?>
<!-- Generated by org.testng.reporters.JUnitReportReporter -->
<testsuite hostname="LAPTOP-9BUKMQ5K" failures="0" tests="1" name="com.learning_TestNG.Learning_Extent_Report" time="36.125" errors="0" timestamp="2024-02-03T13:29:05 IST" skipped="0">
  <testcase classname="com.learning_TestNG.Learning_Extent_Report" name="loginTest" time="36.125"/>
  <system-out/>
</testsuite> <!-- com.learning_TestNG.Learning_Extent_Report -->
