<?xml version="1.0" encoding="UTF-8"?>
<!-- Generated by org.testng.reporters.JUnitReportReporter -->
<testsuite hostname="LAPTOP-9BUKMQ5K" name="com.learning_TestNG.Learning_Depends_On_Methods_Attribute" tests="3" failures="0" timestamp="20 Jan 2024 15:58:04 GMT" time="0.026" errors="0">
  <testcase name="registerTest" time="0.018" classname="com.learning_TestNG.Learning_Depends_On_Methods_Attribute"/>
  <testcase name="loginTest" time="0.002" classname="com.learning_TestNG.Learning_Depends_On_Methods_Attribute"/>
  <testcase name="searchTest" time="0.006" classname="com.learning_TestNG.Learning_Depends_On_Methods_Attribute"/>
</testsuite> <!-- com.learning_TestNG.Learning_Depends_On_Methods_Attribute -->
