<?xml version="1.0" encoding="UTF-8"?>
<!-- Generated by org.testng.reporters.JUnitReportReporter -->
<testsuite hostname="LAPTOP-9BUKMQ5K" failures="0" tests="1" name="com.learning_TestNG.ListenerClass" time="9.439" errors="0" timestamp="2024-02-03T11:36:03 IST" skipped="0">
  <testcase classname="com.learning_TestNG.ListenerClass" name="searchTest" time="9.439"/>
  <system-out/>
</testsuite> <!-- com.learning_TestNG.ListenerClass -->
