<?xml version="1.0" encoding="UTF-8"?>
<!-- Generated by org.testng.reporters.JUnitReportReporter -->
<testsuite hostname="LAPTOP-9BUKMQ5K" name="com.learning_TestNG.Learning_Parallel_Execution" tests="5" failures="0" timestamp="20 Jan 2024 18:05:08 GMT" time="325.628" errors="0">
  <testcase name="loginTest" time="65.458" classname="com.learning_TestNG.Learning_Parallel_Execution"/>
  <testcase name="loginTest" time="65.137" classname="com.learning_TestNG.Learning_Parallel_Execution"/>
  <testcase name="loginTest" time="65.359" classname="com.learning_TestNG.Learning_Parallel_Execution"/>
  <testcase name="loginTest" time="64.595" classname="com.learning_TestNG.Learning_Parallel_Execution"/>
  <testcase name="loginTest" time="65.079" classname="com.learning_TestNG.Learning_Parallel_Execution"/>
</testsuite> <!-- com.learning_TestNG.Learning_Parallel_Execution -->
