<?xml version="1.0" encoding="UTF-8"?>
<!-- Generated by org.testng.reporters.JUnitReportReporter -->
<testsuite hostname="LAPTOP-9BUKMQ5K" failures="0" tests="3" name="com.learning_TestNG.Learning_Enabled_Attribute" time="0.096" errors="0" timestamp="2024-01-27T23:49:22 IST" skipped="1">
  <testcase classname="com.learning_TestNG.Learning_Enabled_Attribute" name="loginTest" time="0.028"/>
  <system-out>
    <![CDATA[Executing Login Test Case....]]>
  </system-out>
  <testcase classname="com.learning_TestNG.Learning_Enabled_Attribute" name="searchTest" time="0.068"/>
  <system-out>
    <![CDATA[Executing Search Test Case....]]>
  </system-out>
  <testcase classname="com.learning_TestNG.Learning_Enabled_Attribute" name="registerTest">
    <skipped/>
  </testcase> <!-- registerTest -->
  <system-out/>
</testsuite> <!-- com.learning_TestNG.Learning_Enabled_Attribute -->
