<?xml version="1.0" encoding="UTF-8"?>
<!-- Generated by org.testng.reporters.JUnitReportReporter -->
<testsuite hostname="LAPTOP-9BUKMQ5K" failures="0" tests="1" name="com.learning_TestNG.Learning_Excel_File" time="40.019" errors="0" timestamp="2024-01-28T13:07:19 IST" skipped="0">
  <testcase classname="com.learning_TestNG.Learning_Excel_File" name="registerTest" time="40.019"/>
  <system-out/>
</testsuite> <!-- com.learning_TestNG.Learning_Excel_File -->
