<?xml version="1.0" encoding="UTF-8"?>
<!-- Generated by org.testng.reporters.JUnitReportReporter -->
<testsuite hostname="LAPTOP-9BUKMQ5K" name="com.learning_TestNG.Learning_Invocation_Count_Attribute" tests="5" failures="0" timestamp="20 Jan 2024 17:46:31 GMT" time="110.071" errors="0">
  <testcase name="loginTest" time="19.908" classname="com.learning_TestNG.Learning_Invocation_Count_Attribute"/>
  <testcase name="loginTest" time="18.952" classname="com.learning_TestNG.Learning_Invocation_Count_Attribute"/>
  <testcase name="loginTest" time="19.999" classname="com.learning_TestNG.Learning_Invocation_Count_Attribute"/>
  <testcase name="loginTest" time="21.800" classname="com.learning_TestNG.Learning_Invocation_Count_Attribute"/>
  <testcase name="loginTest" time="29.412" classname="com.learning_TestNG.Learning_Invocation_Count_Attribute"/>
</testsuite> <!-- com.learning_TestNG.Learning_Invocation_Count_Attribute -->
