<?xml version="1.0" encoding="UTF-8"?>
<!-- Generated by org.testng.reporters.JUnitReportReporter -->
<testsuite hostname="LAPTOP-9BUKMQ5K" failures="0" tests="1" name="com.learning_TestNG.Learning_Properties_File" time="32.061" errors="0" timestamp="2024-01-28T11:17:54 IST" skipped="0">
  <testcase classname="com.learning_TestNG.Learning_Properties_File" name="loginTest" time="32.061"/>
  <system-out/>
</testsuite> <!-- com.learning_TestNG.Learning_Properties_File -->
